<?xml version="1.0" ?>
<!DOCTYPE coverage SYSTEM "http://cobertura.sourceforge.net/xml/coverage-04.dtd">
<coverage lines-valid="38" lines-covered="27" line-rate="0.7105" branches-valid="25" branches-covered="12" branch-rate="0.48" timestamp="1764589583549" complexity="0" version="0.1">
  <sources>
    <source>C:/Users/FABUGE/Work/Dashboard/altinn-support-dashboard/frontend/altinn-support-dashboard.client</source>
  </sources>
  <packages>
    <package name="main" line-rate="0.7105" branch-rate="0.48">
      <classes>
        <class name="utils.ts" filename="src\utils\utils.ts" line-rate="0.7105" branch-rate="0.48">
          <methods>
            <method name="getBaseUrl" hits="3" signature="()V">
              <lines>
                <line number="2" hits="3"/>
              </lines>
            </method>
            <method name="authorizedFetch" hits="1" signature="()V">
              <lines>
                <line number="28" hits="1"/>
              </lines>
            </method>
            <method name="(anonymous_2)" hits="1" signature="()V">
              <lines>
                <line number="47" hits="1"/>
              </lines>
            </method>
            <method name="capitalizeFirstCharacter" hits="4" signature="()V">
              <lines>
                <line number="64" hits="4"/>
              </lines>
            </method>
            <method name="filterUserClaims" hits="3" signature="()V">
              <lines>
                <line number="68" hits="3"/>
              </lines>
            </method>
            <method name="(anonymous_5)" hits="5" signature="()V">
              <lines>
                <line number="70" hits="5"/>
              </lines>
            </method>
            <method name="fetchUserDetails" hits="0" signature="()V">
              <lines>
                <line number="74" hits="0"/>
              </lines>
            </method>
          </methods>
          <lines>
            <line number="3" hits="3" branch="false"/>
            <line number="7" hits="3" branch="true" condition-coverage="75% (3/4)"/>
            <line number="13" hits="3" branch="false"/>
            <line number="16" hits="3" branch="true" condition-coverage="50% (1/2)"/>
            <line number="18" hits="3" branch="false"/>
            <line number="20" hits="3" branch="true" condition-coverage="100% (4/4)"/>
            <line number="21" hits="2" branch="true" condition-coverage="100% (2/2)"/>
            <line number="23" hits="1" branch="false"/>
            <line number="26" hits="3" branch="false"/>
            <line number="33" hits="1" branch="true" condition-coverage="50% (1/2)"/>
            <line number="34" hits="1" branch="false"/>
            <line number="39" hits="1" branch="false"/>
            <line number="44" hits="1" branch="false"/>
            <line number="47" hits="1" branch="false"/>
            <line number="48" hits="1" branch="false"/>
            <line number="53" hits="1" branch="false"/>
            <line number="54" hits="1" branch="false"/>
            <line number="55" hits="1" branch="false"/>
            <line number="56" hits="1" branch="false"/>
            <line number="57" hits="1" branch="false"/>
            <line number="58" hits="1" branch="false"/>
            <line number="59" hits="1" branch="false"/>
            <line number="60" hits="1" branch="false"/>
            <line number="61" hits="1" branch="false"/>
            <line number="65" hits="4" branch="false"/>
            <line number="69" hits="3" branch="false"/>
            <line number="70" hits="5" branch="false"/>
            <line number="78" hits="0" branch="false"/>
            <line number="79" hits="0" branch="false"/>
            <line number="80" hits="0" branch="false"/>
            <line number="81" hits="0" branch="true" condition-coverage="0% (0/4)"/>
            <line number="82" hits="0" branch="false"/>
            <line number="83" hits="0" branch="false"/>
            <line number="84" hits="0" branch="false"/>
            <line number="85" hits="0" branch="false"/>
            <line number="90" hits="0" branch="false"/>
            <line number="92" hits="0" branch="false"/>
            <line number="93" hits="0" branch="false"/>
          </lines>
        </class>
      </classes>
    </package>
  </packages>
</coverage>
