TN:
SF:src\utils\utils.ts
FN:2,getBaseUrl
FN:28,authorizedFetch
FN:47,(anonymous_2)
FN:64,capitalizeFirstCharacter
FN:68,filterUserClaims
FN:70,(anonymous_5)
FN:74,fetchUserDetails
FNF:7
FNH:6
FNDA:3,getBaseUrl
FNDA:1,authorizedFetch
FNDA:1,(anonymous_2)
FNDA:4,capitalizeFirstCharacter
FNDA:3,filterUserClaims
FNDA:5,(anonymous_5)
FNDA:0,fetchUserDetails
DA:3,3
DA:7,3
DA:13,3
DA:16,3
DA:18,3
DA:20,3
DA:21,2
DA:23,1
DA:26,3
DA:33,1
DA:34,1
DA:39,1
DA:44,1
DA:47,1
DA:48,1
DA:53,1
DA:54,1
DA:55,1
DA:56,1
DA:57,1
DA:58,1
DA:59,1
DA:60,1
DA:61,1
DA:65,4
DA:69,3
DA:70,5
DA:78,0
DA:79,0
DA:80,0
DA:81,0
DA:82,0
DA:83,0
DA:84,0
DA:85,0
DA:90,0
DA:92,0
DA:93,0
LF:38
LH:27
BRDA:7,0,0,0
BRDA:7,0,1,3
BRDA:7,1,0,3
BRDA:7,1,1,3
BRDA:8,2,0,0
BRDA:8,2,1,0
BRDA:16,3,0,3
BRDA:16,3,1,0
BRDA:20,4,0,2
BRDA:20,4,1,1
BRDA:20,5,0,3
BRDA:20,5,1,2
BRDA:21,6,0,1
BRDA:21,6,1,1
BRDA:30,7,0,1
BRDA:33,8,0,1
BRDA:33,8,1,0
BRDA:81,9,0,0
BRDA:81,9,1,0
BRDA:81,10,0,0
BRDA:81,10,1,0
BRDA:86,11,0,0
BRDA:86,11,1,0
BRDA:87,12,0,0
BRDA:87,12,1,0
BRF:25
BRH:12
end_of_record
